2024-06-26 22:08:33.205 [info] Log level: Info
2024-06-26 22:08:33.205 [info] Validating found git in: "git"
2024-06-26 22:08:33.205 [info] Using git "2.45.2" from "git"
2024-06-26 22:08:33.205 [info] > git rev-parse --show-toplevel [23ms]
2024-06-26 22:08:33.205 [info] fatal: not a git repository (or any of the parent directories): .git
2024-06-26 22:08:33.205 [info] > git rev-parse --show-toplevel [3ms]
2024-06-26 22:08:33.205 [info] fatal: not a git repository (or any of the parent directories): .git
2024-06-26 22:08:33.205 [info] > git rev-parse --show-toplevel [9ms]
2024-06-26 22:08:33.205 [info] fatal: not a git repository (or any of the parent directories): .git
2024-06-26 22:08:33.205 [info] > git rev-parse --show-toplevel [14ms]
2024-06-26 22:08:33.205 [info] fatal: not a git repository (or any of the parent directories): .git
2024-06-26 22:08:33.205 [info] > git rev-parse --show-toplevel [9ms]
2024-06-26 22:08:33.205 [info] fatal: not a git repository (or any of the parent directories): .git
2024-06-26 22:08:35.558 [info] > git rev-parse --show-toplevel [5ms]
2024-06-26 22:08:35.558 [info] fatal: not a git repository (or any of the parent directories): .git
2024-06-26 22:08:36.852 [info] > git rev-parse --show-toplevel [2ms]
2024-06-26 22:08:36.852 [info] fatal: not a git repository (or any of the parent directories): .git
2024-06-26 22:22:49.163 [info] > git rev-parse --show-toplevel [16ms]
2024-06-26 22:22:49.164 [info] fatal: not a git repository (or any of the parent directories): .git
2024-06-26 22:23:02.885 [info] > git rev-parse --show-toplevel [7ms]
2024-06-26 22:23:02.885 [info] fatal: not a git repository (or any of the parent directories): .git
2024-06-26 22:23:04.679 [info] > git rev-parse --show-toplevel [5ms]
2024-06-26 22:23:04.679 [info] fatal: not a git repository (or any of the parent directories): .git
2024-06-26 22:23:25.788 [info] > git rev-parse --show-toplevel [8ms]
2024-06-26 22:23:25.788 [info] fatal: not a git repository (or any of the parent directories): .git
2024-06-26 22:23:57.059 [info] > git rev-parse --show-toplevel [3ms]
2024-06-26 22:23:57.059 [info] fatal: not a git repository (or any of the parent directories): .git
2024-06-26 22:24:00.928 [info] > git rev-parse --show-toplevel [5ms]
2024-06-26 22:24:00.928 [info] fatal: not a git repository (or any of the parent directories): .git
2024-06-26 22:29:18.660 [info] > git rev-parse --show-toplevel [12ms]
2024-06-26 22:29:18.661 [info] fatal: not a git repository (or any of the parent directories): .git
2024-06-26 22:29:24.456 [info] > git rev-parse --show-toplevel [3ms]
2024-06-26 22:29:24.456 [info] fatal: not a git repository (or any of the parent directories): .git
2024-06-26 22:50:34.586 [info] > git rev-parse --show-toplevel [9ms]
2024-06-26 22:50:34.586 [info] fatal: not a git repository (or any of the parent directories): .git
2024-06-26 22:50:45.728 [info] > git rev-parse --show-toplevel [5ms]
2024-06-26 22:50:45.729 [info] fatal: not a git repository (or any of the parent directories): .git
2024-06-26 22:55:01.664 [info] > git rev-parse --show-toplevel [5ms]
2024-06-26 22:55:01.664 [info] fatal: not a git repository (or any of the parent directories): .git
2024-06-26 22:55:13.133 [info] > git rev-parse --show-toplevel [3ms]
2024-06-26 22:55:13.133 [info] fatal: not a git repository (or any of the parent directories): .git
2024-06-26 23:07:00.267 [info] > git rev-parse --show-toplevel [3ms]
2024-06-26 23:07:00.267 [info] fatal: not a git repository (or any of the parent directories): .git
2024-06-26 23:07:58.318 [info] > git rev-parse --show-toplevel [5ms]
2024-06-26 23:07:58.319 [info] fatal: not a git repository (or any of the parent directories): .git
2024-06-26 23:20:39.459 [info] > git rev-parse --show-toplevel [13ms]
2024-06-26 23:20:39.460 [info] fatal: not a git repository (or any of the parent directories): .git
2024-06-26 23:22:18.826 [info] > git rev-parse --show-toplevel [5ms]
2024-06-26 23:22:18.826 [info] fatal: not a git repository (or any of the parent directories): .git
2024-06-26 23:22:22.860 [info] > git rev-parse --show-toplevel [7ms]
2024-06-26 23:22:22.860 [info] fatal: not a git repository (or any of the parent directories): .git
2024-06-26 23:22:24.571 [info] > git rev-parse --show-toplevel [7ms]
2024-06-26 23:22:24.571 [info] fatal: not a git repository (or any of the parent directories): .git
2024-06-26 23:22:26.909 [info] > git rev-parse --show-toplevel [4ms]
2024-06-26 23:22:26.910 [info] fatal: not a git repository (or any of the parent directories): .git
2024-06-26 23:22:35.713 [info] > git rev-parse --show-toplevel [4ms]
2024-06-26 23:22:35.713 [info] fatal: not a git repository (or any of the parent directories): .git
2024-06-26 23:22:49.021 [info] > git rev-parse --show-toplevel [8ms]
2024-06-26 23:22:49.021 [info] fatal: not a git repository (or any of the parent directories): .git
2024-06-26 23:24:39.767 [info] > git rev-parse --show-toplevel [14ms]
2024-06-26 23:24:39.767 [info] fatal: not a git repository (or any of the parent directories): .git
2024-06-26 23:24:59.726 [info] > git rev-parse --show-toplevel [9ms]
2024-06-26 23:24:59.726 [info] fatal: not a git repository (or any of the parent directories): .git
2024-06-26 23:25:13.808 [info] > git rev-parse --show-toplevel [4ms]
2024-06-26 23:25:13.808 [info] fatal: not a git repository (or any of the parent directories): .git
2024-06-26 23:25:19.045 [info] > git rev-parse --show-toplevel [2ms]
2024-06-26 23:25:19.045 [info] fatal: not a git repository (or any of the parent directories): .git
2024-06-26 23:31:04.588 [info] > git rev-parse --show-toplevel [5ms]
2024-06-26 23:31:04.588 [info] fatal: not a git repository (or any of the parent directories): .git
2024-06-26 23:31:11.759 [info] > git rev-parse --show-toplevel [6ms]
2024-06-26 23:31:11.759 [info] fatal: not a git repository (or any of the parent directories): .git
2024-06-26 23:32:19.167 [info] > git rev-parse --show-toplevel [6ms]
2024-06-26 23:32:19.167 [info] fatal: not a git repository (or any of the parent directories): .git
2024-06-26 23:32:20.335 [info] > git rev-parse --show-toplevel [6ms]
2024-06-26 23:32:20.335 [info] fatal: not a git repository (or any of the parent directories): .git
2024-06-26 23:32:26.986 [info] > git rev-parse --show-toplevel [3ms]
2024-06-26 23:32:26.987 [info] fatal: not a git repository (or any of the parent directories): .git
2024-06-26 23:32:31.059 [info] > git rev-parse --show-toplevel [5ms]
2024-06-26 23:32:31.059 [info] fatal: not a git repository (or any of the parent directories): .git
2024-06-26 23:32:33.112 [info] > git rev-parse --show-toplevel [11ms]
2024-06-26 23:32:33.112 [info] fatal: not a git repository (or any of the parent directories): .git
2024-06-26 23:32:39.011 [info] > git rev-parse --show-toplevel [6ms]
2024-06-26 23:32:39.011 [info] fatal: not a git repository (or any of the parent directories): .git
2024-06-26 23:39:11.656 [info] > git rev-parse --show-toplevel [3ms]
2024-06-26 23:39:11.656 [info] fatal: not a git repository (or any of the parent directories): .git
2024-06-26 23:39:12.380 [info] > git rev-parse --show-toplevel [11ms]
2024-06-26 23:39:12.380 [info] fatal: not a git repository (or any of the parent directories): .git
