2024-06-25 22:15:03.718 [info] Extension host with pid 12385 started
2024-06-25 22:15:03.907 [info] ExtensionService#_doActivateExtension vscode.git-base, startup: true, activationEvent: '*', root cause: vscode.git
2024-06-25 22:15:03.962 [info] ExtensionService#_doActivateExtension vscode.git, startup: true, activationEvent: '*'
2024-06-25 22:15:04.275 [info] ExtensionService#_doActivateExtension vscode.github, startup: true, activationEvent: '*'
2024-06-25 22:15:04.698 [info] Eager extensions activated
2024-06-25 22:15:04.906 [info] ExtensionService#_doActivateExtension vscode.debug-auto-launch, startup: false, activationEvent: 'onStartupFinished'
2024-06-25 22:15:04.916 [info] ExtensionService#_doActivateExtension vscode.merge-conflict, startup: false, activationEvent: 'onStartupFinished'
2024-06-25 22:15:12.220 [info] ExtensionService#_doActivateExtension vscode.json-language-features, startup: false, activationEvent: 'onLanguage:jsonc'
2024-06-25 22:15:12.549 [info] ExtensionService#_doActivateExtension vscode.typescript-language-features, startup: false, activationEvent: 'onLanguage:jsonc'
2024-06-25 22:15:12.786 [info] ExtensionService#_doActivateExtension vscode.emmet, startup: false, activationEvent: 'onLanguage'
2024-06-25 22:17:23.301 [info] Extension host terminating: renderer closed the MessagePort
2024-06-25 22:17:23.341 [info] Extension host with pid 12385 exiting with code 0
2024-06-25 22:17:29.495 [info] Extension host with pid 12589 started
2024-06-25 22:17:29.495 [info] Skipping acquiring lock for /home/human/.config/VSCodium/User/workspaceStorage/e2ec594a0da380124d84c2494a512035.
2024-06-25 22:17:29.776 [info] ExtensionService#_doActivateExtension vscode.git-base, startup: true, activationEvent: '*'
2024-06-25 22:17:29.850 [info] ExtensionService#_doActivateExtension vscode.github, startup: true, activationEvent: '*'
2024-06-25 22:17:29.909 [info] Eager extensions activated
2024-06-25 22:17:29.939 [info] ExtensionService#_doActivateExtension vscode.debug-auto-launch, startup: false, activationEvent: 'onStartupFinished'
2024-06-25 22:17:29.957 [info] ExtensionService#_doActivateExtension vscode.merge-conflict, startup: false, activationEvent: 'onStartupFinished'
2024-06-25 22:17:32.412 [info] ExtensionService#_doActivateExtension vscode.html-language-features, startup: false, activationEvent: 'onLanguage:html'
2024-06-25 22:17:32.645 [info] ExtensionService#_doActivateExtension vscode.emmet, startup: false, activationEvent: 'onLanguage'
2024-06-25 22:17:40.185 [info] ExtensionService#_doActivateExtension vscode.git, startup: false, activationEvent: 'api', root cause: vscode.github
