2024-06-26 20:53:37.202 [info] Log level: Info
2024-06-26 20:53:37.202 [info] Validating found git in: "git"
2024-06-26 20:53:37.202 [info] Using git "2.45.2" from "git"
2024-06-26 20:53:37.202 [info] > git rev-parse --show-toplevel [16ms]
2024-06-26 20:53:37.202 [info] fatal: not a git repository (or any of the parent directories): .git
2024-06-26 20:53:38.249 [info] > git rev-parse --show-toplevel [14ms]
2024-06-26 20:53:38.249 [info] fatal: not a git repository (or any of the parent directories): .git
2024-06-26 20:53:38.411 [info] > git rev-parse --show-toplevel [3ms]
2024-06-26 20:53:38.411 [info] fatal: not a git repository (or any of the parent directories): .git
2024-06-26 20:53:40.827 [info] > git rev-parse --show-toplevel [3ms]
2024-06-26 20:53:40.827 [info] fatal: not a git repository (or any of the parent directories): .git
2024-06-26 20:53:42.239 [info] > git rev-parse --show-toplevel [6ms]
2024-06-26 20:53:42.239 [info] fatal: not a git repository (or any of the parent directories): .git
2024-06-26 20:53:49.424 [info] > git rev-parse --show-toplevel [3ms]
2024-06-26 20:53:49.424 [info] fatal: not a git repository (or any of the parent directories): .git
2024-06-26 20:54:26.698 [info] > git rev-parse --show-toplevel [40ms]
2024-06-26 20:54:26.699 [info] fatal: not a git repository (or any of the parent directories): .git
2024-06-26 20:54:29.283 [info] > git rev-parse --show-toplevel [6ms]
2024-06-26 20:54:29.286 [info] fatal: not a git repository (or any of the parent directories): .git
2024-06-26 20:57:54.371 [info] > git rev-parse --show-toplevel [3ms]
2024-06-26 20:57:54.374 [info] fatal: not a git repository (or any of the parent directories): .git
2024-06-26 21:02:06.584 [info] > git rev-parse --show-toplevel [7ms]
2024-06-26 21:02:06.584 [info] fatal: not a git repository (or any of the parent directories): .git
2024-06-26 21:02:14.650 [info] > git rev-parse --show-toplevel [6ms]
2024-06-26 21:02:14.653 [info] fatal: not a git repository (or any of the parent directories): .git
2024-06-26 21:06:04.982 [info] > git rev-parse --show-toplevel [6ms]
2024-06-26 21:06:04.982 [info] fatal: not a git repository (or any of the parent directories): .git
2024-06-26 21:06:24.233 [info] > git rev-parse --show-toplevel [14ms]
2024-06-26 21:06:24.233 [info] fatal: not a git repository (or any of the parent directories): .git
2024-06-26 21:06:47.808 [info] > git rev-parse --show-toplevel [6ms]
2024-06-26 21:06:47.808 [info] fatal: not a git repository (or any of the parent directories): .git
2024-06-26 21:06:49.046 [info] > git rev-parse --show-toplevel [3ms]
2024-06-26 21:06:49.047 [info] fatal: not a git repository (or any of the parent directories): .git
2024-06-26 21:06:55.385 [info] > git rev-parse --show-toplevel [6ms]
2024-06-26 21:06:55.385 [info] fatal: not a git repository (or any of the parent directories): .git
2024-06-26 21:06:56.507 [info] > git rev-parse --show-toplevel [13ms]
2024-06-26 21:06:56.507 [info] fatal: not a git repository (or any of the parent directories): .git
2024-06-26 21:08:49.567 [info] > git rev-parse --show-toplevel [7ms]
2024-06-26 21:08:49.567 [info] fatal: not a git repository (or any of the parent directories): .git
2024-06-26 21:13:34.536 [info] > git rev-parse --show-toplevel [6ms]
2024-06-26 21:13:34.536 [info] fatal: not a git repository (or any of the parent directories): .git
2024-06-26 21:13:43.475 [info] > git rev-parse --show-toplevel [10ms]
2024-06-26 21:13:43.475 [info] fatal: not a git repository (or any of the parent directories): .git
2024-06-26 21:20:33.832 [info] > git rev-parse --show-toplevel [20ms]
2024-06-26 21:20:33.837 [info] fatal: not a git repository (or any of the parent directories): .git
2024-06-26 21:22:02.735 [info] > git rev-parse --show-toplevel [7ms]
2024-06-26 21:22:02.735 [info] fatal: not a git repository (or any of the parent directories): .git
2024-06-26 21:23:18.934 [info] > git rev-parse --show-toplevel [8ms]
2024-06-26 21:23:18.934 [info] fatal: not a git repository (or any of the parent directories): .git
2024-06-26 21:23:19.926 [info] > git rev-parse --show-toplevel [9ms]
2024-06-26 21:23:19.929 [info] fatal: not a git repository (or any of the parent directories): .git
2024-06-26 21:23:46.529 [info] > git rev-parse --show-toplevel [4ms]
2024-06-26 21:23:46.529 [info] fatal: not a git repository (or any of the parent directories): .git
