2024-06-25 22:15:00.362 [info] Added views:workbench.panel.markers.view in workbench.panel.markers
2024-06-25 22:15:00.362 [info] Added views:workbench.panel.output in workbench.panel.output
2024-06-25 22:15:00.362 [info] Added views:terminal in terminal
2024-06-25 22:15:00.362 [info] Added views:outline in workbench.view.explorer
2024-06-25 22:15:00.362 [info] Added views:workbench.scm in workbench.view.scm
2024-06-25 22:15:00.362 [info] Added views:workbench.view.search in workbench.view.search
2024-06-25 22:15:00.362 [info] Added views:timeline in workbench.view.explorer
2024-06-25 22:15:00.362 [info] Added views:workbench.explorer.emptyView in workbench.view.explorer
2024-06-25 22:15:03.788 [info] Added views:workbench.debug.welcome in workbench.view.debug
2024-06-25 22:15:03.893 [info] Added views:workbench.panel.repl.view in workbench.panel.repl
2024-06-25 22:15:08.874 [info] Added views:~remote.forwardedPorts in ~remote.forwardedPortsContainer
2024-06-25 22:16:11.460 [info] Added views:workbench.views.extensions.installed,workbench.views.extensions.popular,extensions.recommendedList in workbench.view.extensions
2024-06-25 22:16:11.461 [info] Removed views:workbench.views.extensions.popular from workbench.view.extensions
2024-06-25 22:16:12.230 [info] Removed views:extensions.recommendedList,workbench.views.extensions.installed from workbench.view.extensions
2024-06-25 22:16:12.278 [info] Added views:workbench.views.extensions.marketplace in workbench.view.extensions
2024-06-25 22:17:27.211 [info] Added views:workbench.panel.markers.view in workbench.panel.markers
2024-06-25 22:17:27.211 [info] Added views:workbench.panel.output in workbench.panel.output
2024-06-25 22:17:27.212 [info] Added views:terminal in terminal
2024-06-25 22:17:27.212 [info] Added views:outline in workbench.view.explorer
2024-06-25 22:17:27.212 [info] Added views:workbench.scm in workbench.view.scm
2024-06-25 22:17:27.212 [info] Added views:workbench.view.search in workbench.view.search
2024-06-25 22:17:27.212 [info] Added views:timeline in workbench.view.explorer
2024-06-25 22:17:27.212 [info] Added views:workbench.explorer.fileView in workbench.view.explorer
2024-06-25 22:17:29.296 [info] Added views:workbench.debug.variablesView,workbench.debug.watchExpressionsView,workbench.debug.callStackView,workbench.debug.breakPointsView in workbench.view.debug
2024-06-25 22:17:29.748 [info] Added views:workbench.panel.repl.view in workbench.panel.repl
2024-06-25 22:17:29.770 [info] Removed views:workbench.debug.breakPointsView,workbench.debug.callStackView,workbench.debug.watchExpressionsView,workbench.debug.variablesView from workbench.view.debug
2024-06-25 22:17:29.774 [info] Added views:workbench.debug.welcome in workbench.view.debug
2024-06-25 22:17:30.230 [info] Added views:~remote.forwardedPorts in ~remote.forwardedPortsContainer
